<?xml version="1.0" encoding="UTF-8"?>
<!-- Generated by org.testng.reporters.JUnitReportReporter -->
<testsuite hostname="DESKTOP-663MMVN" failures="0" tests="1" name="brokenlink.BrokenLinks01" time="9.651" errors="0" timestamp="2024-12-12T10:13:00 IST" skipped="0">
  <testcase classname="brokenlink.BrokenLinks01" name="method" time="9.651"/>
  <system-out/>
</testsuite> <!-- brokenlink.BrokenLinks01 -->
