<?xml version="1.0" encoding="UTF-8"?>
<!-- Generated by org.testng.reporters.JUnitReportReporter -->
<testsuite hostname="DESKTOP-663MMVN" failures="0" tests="1" name="test.TestCase4" time="73.370" errors="0" timestamp="2024-12-20T14:20:06 IST" skipped="0">
  <testcase classname="test.TestCase4" name="method1" time="73.370"/>
  <system-out/>
</testsuite> <!-- test.TestCase4 -->
