<?xml version="1.0" encoding="UTF-8"?>
<!-- Generated by org.testng.reporters.JUnitReportReporter -->
<testsuite hostname="DESKTOP-663MMVN" failures="0" tests="1" name="test.TestCase1" time="32.722" errors="0" timestamp="2024-12-20T14:20:06 IST" skipped="0">
  <testcase classname="test.TestCase1" name="loginamazon" time="32.722"/>
  <system-out/>
</testsuite> <!-- test.TestCase1 -->
