<?xml version="1.0" encoding="UTF-8"?>
<!-- Generated by org.testng.reporters.JUnitReportReporter -->
<testsuite hostname="DESKTOP-663MMVN" failures="0" tests="1" name="explicitwait.ExplicitWait02" time="6.801" errors="0" timestamp="2024-12-12T09:05:29 IST" skipped="0">
  <testcase classname="explicitwait.ExplicitWait02" name="method1" time="6.801"/>
  <system-out/>
</testsuite> <!-- explicitwait.ExplicitWait02 -->
