<?xml version="1.0" encoding="UTF-8"?>
<!-- Generated by org.testng.reporters.JUnitReportReporter -->
<testsuite hostname="DESKTOP-663MMVN" failures="0" tests="1" name="test.TestCase3" time="57.707" errors="0" timestamp="2024-12-20T17:08:01 IST" skipped="0">
  <testcase classname="test.TestCase3" name="method1" time="57.707"/>
</testsuite> <!-- test.TestCase3 -->
