<?xml version="1.0" encoding="UTF-8"?>
<!-- Generated by org.testng.reporters.JUnitReportReporter -->
<testsuite hostname="DESKTOP-663MMVN" failures="0" tests="1" name="test.TestCase4" time="55.749" errors="0" timestamp="2024-12-20T17:08:01 IST" skipped="0">
  <testcase classname="test.TestCase4" name="method1" time="55.749"/>
</testsuite> <!-- test.TestCase4 -->
